#
# There is insufficient memory for the Java Runtime Environment to continue.
# Native memory allocation (malloc) failed to allocate 1972336 bytes for Chunk::new
# Possible reasons:
#   The system is out of physical RAM or swap space
#   The process is running with CompressedOops enabled, and the Java Heap may be blocking the growth of the native heap
# Possible solutions:
#   Reduce memory load on the system
#   Increase physical memory or swap space
#   Check if swap backing store is full
#   Decrease Java heap size (-Xmx/-Xms)
#   Decrease number of Java threads
#   Decrease Java thread stack sizes (-Xss)
#   Set larger code cache with -XX:ReservedCodeCacheSize=
#   JVM is running with Unscaled Compressed Oops mode in which the Java heap is
#     placed in the first 4GB address space. The Java Heap base address is the
#     maximum limit for the native heap growth. Please use -XX:HeapBaseMinAddress
#     to set the Java Heap base and to place the Java Heap above 4GB virtual address.
# This output file may be truncated or incomplete.
#
#  Out of Memory Error (t:/workspace/open/src/hotspot/share/memory/arena.cpp:197), pid=2816, tid=6220
#
# JRE version: Java(TM) SE Runtime Environment (11.0.2+9) (build 11.0.2+9-LTS)
# Java VM: Java HotSpot(TM) 64-Bit Server VM (11.0.2+9-LTS, mixed mode, tiered, compressed oops, g1 gc, windows-amd64)
# No core dump will be written. Minidumps are not enabled by default on client versions of Windows
#

---------------  S U M M A R Y ------------

Command Line: -Dclassworlds.conf=C:\Users\tienn\Desktop\RMIT\2020\SemA2020\Engineering QA and Testing\apache-maven-3.6.3\bin\..\bin\m2.conf -Dmaven.home=C:\Users\tienn\Desktop\RMIT\2020\SemA2020\Engineering QA and Testing\apache-maven-3.6.3\bin\.. -Dlibrary.jansi.path=C:\Users\tienn\Desktop\RMIT\2020\SemA2020\Engineering QA and Testing\apache-maven-3.6.3\bin\..\lib\jansi-native -Dmaven.multiModuleProjectDirectory=C:\Users\tienn\Desktop\RMIT\2020\SemA2020\Enterprise Application Development\Asm\TradingCompany org.codehaus.plexus.classworlds.launcher.Launcher jetty:run

Host: Intel(R) Core(TM) i5-7200U CPU @ 2.50GHz, 4 cores, 7G,  Windows 10 , 64 bit Build 18362 (10.0.18362.778)
Time: Mon May 18 20:55:22 2020 SE Asia Standard Time elapsed time: 1454 seconds (0d 0h 24m 14s)

---------------  T H R E A D  ---------------

Current thread (0x000001926809e000):  JavaThread "C2 CompilerThread0" daemon [_thread_in_native, id=6220, stack(0x0000005141000000,0x0000005141100000)]


Current CompileTask:
C2:1454235 12369   !   4       org.springframework.util.MimeTypeUtils::parseMimeType (406 bytes)

Stack: [0x0000005141000000,0x0000005141100000]
Native frames: (J=compiled Java code, j=interpreted, Vv=VM code, C=native code)
V  [jvm.dll+0x63574a]
V  [jvm.dll+0x77326f]
V  [jvm.dll+0x77491a]
V  [jvm.dll+0x774fd3]
V  [jvm.dll+0x25e418]
V  [jvm.dll+0xc2141]
V  [jvm.dll+0xc26dc]
V  [jvm.dll+0x36d772]
V  [jvm.dll+0x33a8b3]
V  [jvm.dll+0x339c8a]
V  [jvm.dll+0x218245]
V  [jvm.dll+0x2173ea]
V  [jvm.dll+0x194200]
V  [jvm.dll+0x2263af]
V  [jvm.dll+0x2249b8]
V  [jvm.dll+0x738a9d]
V  [jvm.dll+0x6347f2]
C  [ucrtbase.dll+0x20e72]
C  [KERNEL32.DLL+0x17bd4]
C  [ntdll.dll+0x6ce51]


---------------  P R O C E S S  ---------------

Threads class SMR info:
_java_thread_list=0x000001926e97fc80, length=19, elements={
0x0000019247d96800, 0x0000019268080800, 0x000001926808a800, 0x0000019268a03000,
0x000001926809c000, 0x000001926809e000, 0x00000192680a2000, 0x00000192680a4000,
0x0000019268b41000, 0x0000019268b48000, 0x0000019270380000, 0x000001926d0dc800,
0x000001926d0e0800, 0x000001926d0db000, 0x000001926d0e1800, 0x000001926d0df800,
0x000001926d0de000, 0x000001926d0db800, 0x000001926d0dd000
}

Java Threads: ( => current thread )
  0x0000019247d96800 JavaThread "main" [_thread_blocked, id=12708, stack(0x0000005140500000,0x0000005140600000)]
  0x0000019268080800 JavaThread "Reference Handler" daemon [_thread_blocked, id=11716, stack(0x0000005140c00000,0x0000005140d00000)]
  0x000001926808a800 JavaThread "Finalizer" daemon [_thread_blocked, id=12644, stack(0x0000005140d00000,0x0000005140e00000)]
  0x0000019268a03000 JavaThread "Signal Dispatcher" daemon [_thread_blocked, id=5428, stack(0x0000005140e00000,0x0000005140f00000)]
  0x000001926809c000 JavaThread "Attach Listener" daemon [_thread_blocked, id=5480, stack(0x0000005140f00000,0x0000005141000000)]
=>0x000001926809e000 JavaThread "C2 CompilerThread0" daemon [_thread_in_native, id=6220, stack(0x0000005141000000,0x0000005141100000)]
  0x00000192680a2000 JavaThread "C1 CompilerThread0" daemon [_thread_blocked, id=5852, stack(0x0000005141100000,0x0000005141200000)]
  0x00000192680a4000 JavaThread "Sweeper thread" daemon [_thread_blocked, id=12660, stack(0x0000005141200000,0x0000005141300000)]
  0x0000019268b41000 JavaThread "Service Thread" daemon [_thread_blocked, id=996, stack(0x0000005141300000,0x0000005141400000)]
  0x0000019268b48000 JavaThread "Common-Cleaner" daemon [_thread_blocked, id=4712, stack(0x0000005141500000,0x0000005141600000)]
  0x0000019270380000 JavaThread "HashSessionScavenger-0" daemon [_thread_blocked, id=2936, stack(0x0000005141800000,0x0000005141900000)]
  0x000001926d0dc800 JavaThread "qtp1146805207-17 Selector0" [_thread_in_native, id=12612, stack(0x0000005141c00000,0x0000005141d00000)]
  0x000001926d0e0800 JavaThread "qtp1146805207-18" [_thread_blocked, id=1772, stack(0x0000005141d00000,0x0000005141e00000)]
  0x000001926d0db000 JavaThread "qtp1146805207-19" [_thread_blocked, id=12124, stack(0x0000005141e00000,0x0000005141f00000)]
  0x000001926d0e1800 JavaThread "qtp1146805207-20" [_thread_blocked, id=11740, stack(0x0000005141f00000,0x0000005142000000)]
  0x000001926d0df800 JavaThread "qtp1146805207-21 Acceptor0 SelectChannelConnector@0.0.0.0:8080" [_thread_in_native, id=1536, stack(0x0000005142000000,0x0000005142100000)]
  0x000001926d0de000 JavaThread "qtp1146805207-22" [_thread_blocked, id=7472, stack(0x0000005142100000,0x0000005142200000)]
  0x000001926d0db800 JavaThread "qtp1146805207-23" [_thread_blocked, id=9760, stack(0x0000005142200000,0x0000005142300000)]
  0x000001926d0dd000 JavaThread "qtp1146805207-24" [_thread_in_Java, id=11492, stack(0x0000005142300000,0x0000005142400000)]

Other Threads:
  0x0000019268059000 VMThread "VM Thread" [stack: 0x0000005140b00000,0x0000005140c00000] [id=5216]
  0x0000019268b46800 WatcherThread [stack: 0x0000005141400000,0x0000005141500000] [id=11752]
  0x0000019247dae000 GCTaskThread "GC Thread#0" [stack: 0x0000005140600000,0x0000005140700000] [id=7568]
  0x0000019269513800 GCTaskThread "GC Thread#1" [stack: 0x0000005141600000,0x0000005141700000] [id=5764]
  0x0000019268ee3800 GCTaskThread "GC Thread#2" [stack: 0x0000005141700000,0x0000005141800000] [id=12304]
  0x0000019274522000 GCTaskThread "GC Thread#3" [stack: 0x0000005141a00000,0x0000005141b00000] [id=5572]
  0x0000019247ddf000 ConcurrentGCThread "G1 Main Marker" [stack: 0x0000005140700000,0x0000005140800000] [id=2164]
  0x0000019247de0000 ConcurrentGCThread "G1 Conc#0" [stack: 0x0000005140800000,0x0000005140900000] [id=12600]
  0x0000019267ed0800 ConcurrentGCThread "G1 Refine#0" [stack: 0x0000005140900000,0x0000005140a00000] [id=2700]
  0x000001926a0d0800 ConcurrentGCThread "G1 Refine#1" [stack: 0x0000005141900000,0x0000005141a00000] [id=7972]
  0x0000019267ed1800 ConcurrentGCThread "G1 Young RemSet Sampling" [stack: 0x0000005140a00000,0x0000005140b00000] [id=7696]

Threads with active compile tasks:
C2 CompilerThread012369   !   4       org.springframework.util.MimeTypeUtils::parseMimeType (406 bytes)
C1 CompilerThread012371       3       com.fasterxml.jackson.databind.SerializerProvider::_findExplicitUntypedSerializer (44 bytes)

VM state:not at safepoint (normal execution)

VM Mutex/Monitor currently owned by a thread:  ([mutex/lock_event])
[0x0000019247d93930] Compile_lock - owner thread: 0x00000192680a2000
[0x0000019247d92610] MethodCompileQueue_lock - owner thread: 0x00000192680a2000

Heap address: 0x0000000081800000, size: 2024 MB, Compressed Oops mode: 32-bit
Narrow klass base: 0x0000000000000000, Narrow klass shift: 3
Compressed class space size: 1073741824 Address: 0x0000000100000000

Heap:
 garbage-first heap   total 189440K, used 69830K [0x0000000081800000, 0x0000000100000000)
  region size 1024K, 14 young (14336K), 2 survivors (2048K)
 Metaspace       used 69209K, capacity 70348K, committed 70404K, reserved 1112064K
  class space    used 7494K, capacity 7930K, committed 7936K, reserved 1048576K
Heap Regions: E=young(eden), S=young(survivor), O=old, HS=humongous(starts), HC=humongous(continues), CS=collection set, F=free, A=archive, TAMS=top-at-mark-start (previous, next)
|   0|0x0000000081800000, 0x0000000081900000, 0x0000000081900000|100%| O|  |TAMS 0x0000000081900000, 0x0000000081800000| Untracked 
|   1|0x0000000081900000, 0x0000000081a00000, 0x0000000081a00000|100%| O|  |TAMS 0x0000000081a00000, 0x0000000081900000| Untracked 
|   2|0x0000000081a00000, 0x0000000081b00000, 0x0000000081b00000|100%| O|  |TAMS 0x0000000081b00000, 0x0000000081a00000| Untracked 
|   3|0x0000000081b00000, 0x0000000081c00000, 0x0000000081c00000|100%| O|  |TAMS 0x0000000081c00000, 0x0000000081b00000| Untracked 
|   4|0x0000000081c00000, 0x0000000081d00000, 0x0000000081d00000|100%| O|  |TAMS 0x0000000081d00000, 0x0000000081c00000| Untracked 
|   5|0x0000000081d00000, 0x0000000081e00000, 0x0000000081e00000|100%| O|  |TAMS 0x0000000081e00000, 0x0000000081d00000| Untracked 
|   6|0x0000000081e00000, 0x0000000081f00000, 0x0000000081f00000|100%| O|  |TAMS 0x0000000081f00000, 0x0000000081e00000| Untracked 
|   7|0x0000000081f00000, 0x0000000082000000, 0x0000000082000000|100%| O|  |TAMS 0x0000000082000000, 0x0000000081f00000| Untracked 
|   8|0x0000000082000000, 0x0000000082100000, 0x0000000082100000|100%| O|  |TAMS 0x0000000082100000, 0x0000000082000000| Untracked 
|   9|0x0000000082100000, 0x0000000082200000, 0x0000000082200000|100%| O|  |TAMS 0x0000000082200000, 0x0000000082100000| Untracked 
|  10|0x0000000082200000, 0x0000000082200000, 0x0000000082300000|  0%| F|  |TAMS 0x0000000082200000, 0x0000000082200000| Untracked 
|  11|0x0000000082300000, 0x0000000082400000, 0x0000000082400000|100%| O|  |TAMS 0x0000000082400000, 0x0000000082300000| Untracked 
|  12|0x0000000082400000, 0x0000000082400000, 0x0000000082500000|  0%| F|  |TAMS 0x0000000082400000, 0x0000000082400000| Untracked 
|  13|0x0000000082500000, 0x0000000082500000, 0x0000000082600000|  0%| F|  |TAMS 0x0000000082500000, 0x0000000082500000| Untracked 
|  14|0x0000000082600000, 0x0000000082600000, 0x0000000082700000|  0%| F|  |TAMS 0x0000000082600000, 0x0000000082600000| Untracked 
|  15|0x0000000082700000, 0x0000000082800000, 0x0000000082800000|100%| O|  |TAMS 0x0000000082800000, 0x0000000082700000| Untracked 
|  16|0x0000000082800000, 0x0000000082900000, 0x0000000082900000|100%| O|  |TAMS 0x0000000082900000, 0x0000000082800000| Untracked 
|  17|0x0000000082900000, 0x0000000082a00000, 0x0000000082a00000|100%| O|  |TAMS 0x0000000082a00000, 0x0000000082900000| Untracked 
|  18|0x0000000082a00000, 0x0000000082b00000, 0x0000000082b00000|100%| O|  |TAMS 0x0000000082b00000, 0x0000000082a00000| Untracked 
|  19|0x0000000082b00000, 0x0000000082c00000, 0x0000000082c00000|100%| O|  |TAMS 0x0000000082c00000, 0x0000000082b00000| Untracked 
|  20|0x0000000082c00000, 0x0000000082d00000, 0x0000000082d00000|100%| O|  |TAMS 0x0000000082d00000, 0x0000000082c00000| Untracked 
|  21|0x0000000082d00000, 0x0000000082e00000, 0x0000000082e00000|100%| O|  |TAMS 0x0000000082e00000, 0x0000000082d00000| Untracked 
|  22|0x0000000082e00000, 0x0000000082f00000, 0x0000000082f00000|100%| O|  |TAMS 0x0000000082f00000, 0x0000000082e00000| Untracked 
|  23|0x0000000082f00000, 0x0000000083000000, 0x0000000083000000|100%| O|  |TAMS 0x0000000083000000, 0x0000000082f00000| Untracked 
|  24|0x0000000083000000, 0x0000000083100000, 0x0000000083100000|100%| O|  |TAMS 0x0000000083100000, 0x0000000083000000| Untracked 
|  25|0x0000000083100000, 0x0000000083200000, 0x0000000083200000|100%|HS|  |TAMS 0x0000000083200000, 0x0000000083100000| Complete 
|  26|0x0000000083200000, 0x0000000083300000, 0x0000000083300000|100%| O|  |TAMS 0x0000000083300000, 0x0000000083200000| Untracked 
|  27|0x0000000083300000, 0x0000000083400000, 0x0000000083400000|100%| O|  |TAMS 0x0000000083400000, 0x0000000083300000| Untracked 
|  28|0x0000000083400000, 0x0000000083500000, 0x0000000083500000|100%| O|  |TAMS 0x0000000083500000, 0x0000000083400000| Untracked 
|  29|0x0000000083500000, 0x0000000083600000, 0x0000000083600000|100%| O|  |TAMS 0x0000000083600000, 0x0000000083500000| Untracked 
|  30|0x0000000083600000, 0x0000000083700000, 0x0000000083700000|100%| O|  |TAMS 0x0000000083700000, 0x0000000083600000| Untracked 
|  31|0x0000000083700000, 0x0000000083800000, 0x0000000083800000|100%| O|  |TAMS 0x0000000083800000, 0x0000000083700000| Untracked 
|  32|0x0000000083800000, 0x0000000083900000, 0x0000000083900000|100%| O|  |TAMS 0x0000000083900000, 0x0000000083800000| Untracked 
|  33|0x0000000083900000, 0x0000000083a00000, 0x0000000083a00000|100%| O|  |TAMS 0x0000000083a00000, 0x0000000083900000| Untracked 
|  34|0x0000000083a00000, 0x0000000083b00000, 0x0000000083b00000|100%| O|  |TAMS 0x0000000083b00000, 0x0000000083a00000| Untracked 
|  35|0x0000000083b00000, 0x0000000083c00000, 0x0000000083c00000|100%| O|  |TAMS 0x0000000083b00000, 0x0000000083b00000| Untracked 
|  36|0x0000000083c00000, 0x0000000083c00000, 0x0000000083d00000|  0%| F|  |TAMS 0x0000000083c00000, 0x0000000083c00000| Untracked 
|  37|0x0000000083d00000, 0x0000000083e00000, 0x0000000083e00000|100%| O|  |TAMS 0x0000000083e00000, 0x0000000083d00000| Untracked 
|  38|0x0000000083e00000, 0x0000000083f00000, 0x0000000083f00000|100%| O|  |TAMS 0x0000000083f00000, 0x0000000083e00000| Untracked 
|  39|0x0000000083f00000, 0x0000000084000000, 0x0000000084000000|100%| O|  |TAMS 0x0000000084000000, 0x0000000083f00000| Untracked 
|  40|0x0000000084000000, 0x0000000084100000, 0x0000000084100000|100%| O|  |TAMS 0x0000000084000000, 0x0000000084000000| Untracked 
|  41|0x0000000084100000, 0x0000000084200000, 0x0000000084200000|100%| O|  |TAMS 0x0000000084100000, 0x0000000084100000| Untracked 
|  42|0x0000000084200000, 0x0000000084300000, 0x0000000084300000|100%| O|  |TAMS 0x0000000084200000, 0x0000000084200000| Untracked 
|  43|0x0000000084300000, 0x0000000084400000, 0x0000000084400000|100%| O|  |TAMS 0x0000000084300000, 0x0000000084300000| Untracked 
|  44|0x0000000084400000, 0x0000000084400000, 0x0000000084500000|  0%| F|  |TAMS 0x0000000084400000, 0x0000000084400000| Untracked 
|  45|0x0000000084500000, 0x0000000084600000, 0x0000000084600000|100%| O|  |TAMS 0x0000000084600000, 0x0000000084500000| Untracked 
|  46|0x0000000084600000, 0x0000000084700000, 0x0000000084700000|100%| O|  |TAMS 0x0000000084700000, 0x0000000084600000| Untracked 
|  47|0x0000000084700000, 0x0000000084800000, 0x0000000084800000|100%| O|  |TAMS 0x0000000084800000, 0x0000000084700000| Untracked 
|  48|0x0000000084800000, 0x0000000084800000, 0x0000000084900000|  0%| F|  |TAMS 0x0000000084800000, 0x0000000084800000| Untracked 
|  49|0x0000000084900000, 0x0000000084a00000, 0x0000000084a00000|100%| O|  |TAMS 0x0000000084900000, 0x0000000084900000| Untracked 
|  50|0x0000000084a00000, 0x0000000084b00000, 0x0000000084b00000|100%| O|  |TAMS 0x0000000084a00000, 0x0000000084a00000| Untracked 
|  51|0x0000000084b00000, 0x0000000084c00000, 0x0000000084c00000|100%| O|  |TAMS 0x0000000084c00000, 0x0000000084b00000| Untracked 
|  52|0x0000000084c00000, 0x0000000084d00000, 0x0000000084d00000|100%| O|  |TAMS 0x0000000084d00000, 0x0000000084c00000| Untracked 
|  53|0x0000000084d00000, 0x0000000084e00000, 0x0000000084e00000|100%| O|  |TAMS 0x0000000084e00000, 0x0000000084d00000| Untracked 
|  54|0x0000000084e00000, 0x0000000084f00000, 0x0000000084f00000|100%| O|  |TAMS 0x0000000084f00000, 0x0000000084e00000| Untracked 
|  55|0x0000000084f00000, 0x0000000085000000, 0x0000000085000000|100%| O|  |TAMS 0x0000000085000000, 0x0000000084f00000| Untracked 
|  56|0x0000000085000000, 0x0000000085100000, 0x0000000085100000|100%| O|  |TAMS 0x0000000085023200, 0x0000000085000000| Untracked 
|  57|0x0000000085100000, 0x0000000085200000, 0x0000000085200000|100%| O|  |TAMS 0x0000000085100000, 0x0000000085100000| Untracked 
|  58|0x0000000085200000, 0x0000000085300000, 0x0000000085300000|100%| O|  |TAMS 0x0000000085200000, 0x0000000085200000| Untracked 
|  59|0x0000000085300000, 0x0000000085400000, 0x0000000085400000|100%| O|  |TAMS 0x0000000085300000, 0x0000000085300000| Untracked 
|  60|0x0000000085400000, 0x0000000085500000, 0x0000000085500000|100%| O|  |TAMS 0x0000000085400000, 0x0000000085400000| Untracked 
|  61|0x0000000085500000, 0x0000000085600000, 0x0000000085600000|100%| O|  |TAMS 0x0000000085500000, 0x0000000085500000| Untracked 
|  62|0x0000000085600000, 0x000000008563ce00, 0x0000000085700000| 23%| O|  |TAMS 0x0000000085600000, 0x0000000085600000| Untracked 
|  63|0x0000000085700000, 0x0000000085700000, 0x0000000085800000|  0%| F|  |TAMS 0x0000000085700000, 0x0000000085700000| Untracked 
|  64|0x0000000085800000, 0x0000000085800000, 0x0000000085900000|  0%| F|  |TAMS 0x0000000085800000, 0x0000000085800000| Untracked 
|  65|0x0000000085900000, 0x0000000085900000, 0x0000000085a00000|  0%| F|  |TAMS 0x0000000085900000, 0x0000000085900000| Untracked 
|  66|0x0000000085a00000, 0x0000000085a00000, 0x0000000085b00000|  0%| F|  |TAMS 0x0000000085a00000, 0x0000000085a00000| Untracked 
|  67|0x0000000085b00000, 0x0000000085b00000, 0x0000000085c00000|  0%| F|  |TAMS 0x0000000085b00000, 0x0000000085b00000| Untracked 
|  68|0x0000000085c00000, 0x0000000085c00000, 0x0000000085d00000|  0%| F|  |TAMS 0x0000000085c00000, 0x0000000085c00000| Untracked 
|  69|0x0000000085d00000, 0x0000000085d00000, 0x0000000085e00000|  0%| F|  |TAMS 0x0000000085d00000, 0x0000000085d00000| Untracked 
|  70|0x0000000085e00000, 0x0000000085e00000, 0x0000000085f00000|  0%| F|  |TAMS 0x0000000085e00000, 0x0000000085e00000| Untracked 
|  71|0x0000000085f00000, 0x0000000085f00000, 0x0000000086000000|  0%| F|  |TAMS 0x0000000085f00000, 0x0000000085f00000| Untracked 
|  72|0x0000000086000000, 0x0000000086000000, 0x0000000086100000|  0%| F|  |TAMS 0x0000000086000000, 0x0000000086000000| Untracked 
|  73|0x0000000086100000, 0x0000000086100000, 0x0000000086200000|  0%| F|  |TAMS 0x0000000086100000, 0x0000000086100000| Untracked 
|  74|0x0000000086200000, 0x0000000086200000, 0x0000000086300000|  0%| F|  |TAMS 0x0000000086200000, 0x0000000086200000| Untracked 
|  75|0x0000000086300000, 0x0000000086300000, 0x0000000086400000|  0%| F|  |TAMS 0x0000000086300000, 0x0000000086300000| Untracked 
|  76|0x0000000086400000, 0x0000000086400000, 0x0000000086500000|  0%| F|  |TAMS 0x0000000086400000, 0x0000000086400000| Untracked 
|  77|0x0000000086500000, 0x0000000086500000, 0x0000000086600000|  0%| F|  |TAMS 0x0000000086500000, 0x0000000086500000| Untracked 
|  78|0x0000000086600000, 0x0000000086600000, 0x0000000086700000|  0%| F|  |TAMS 0x0000000086600000, 0x0000000086600000| Untracked 
|  79|0x0000000086700000, 0x0000000086700000, 0x0000000086800000|  0%| F|  |TAMS 0x0000000086700000, 0x0000000086700000| Untracked 
|  80|0x0000000086800000, 0x0000000086800000, 0x0000000086900000|  0%| F|  |TAMS 0x0000000086800000, 0x0000000086800000| Untracked 
|  81|0x0000000086900000, 0x0000000086900000, 0x0000000086a00000|  0%| F|  |TAMS 0x0000000086900000, 0x0000000086900000| Untracked 
|  82|0x0000000086a00000, 0x0000000086a00000, 0x0000000086b00000|  0%| F|  |TAMS 0x0000000086a00000, 0x0000000086a00000| Untracked 
|  83|0x0000000086b00000, 0x0000000086b00000, 0x0000000086c00000|  0%| F|  |TAMS 0x0000000086b00000, 0x0000000086b00000| Untracked 
|  84|0x0000000086c00000, 0x0000000086c00000, 0x0000000086d00000|  0%| F|  |TAMS 0x0000000086c00000, 0x0000000086c00000| Untracked 
|  85|0x0000000086d00000, 0x0000000086d00000, 0x0000000086e00000|  0%| F|  |TAMS 0x0000000086d00000, 0x0000000086d00000| Untracked 
|  86|0x0000000086e00000, 0x0000000086e00000, 0x0000000086f00000|  0%| F|  |TAMS 0x0000000086e00000, 0x0000000086e00000| Untracked 
|  87|0x0000000086f00000, 0x0000000086f00000, 0x0000000087000000|  0%| F|  |TAMS 0x0000000086f00000, 0x0000000086f00000| Untracked 
|  88|0x0000000087000000, 0x0000000087000000, 0x0000000087100000|  0%| F|  |TAMS 0x0000000087000000, 0x0000000087000000| Untracked 
|  89|0x0000000087100000, 0x0000000087100000, 0x0000000087200000|  0%| F|  |TAMS 0x0000000087100000, 0x0000000087100000| Untracked 
|  90|0x0000000087200000, 0x0000000087200000, 0x0000000087300000|  0%| F|  |TAMS 0x0000000087200000, 0x0000000087200000| Untracked 
|  91|0x0000000087300000, 0x0000000087300000, 0x0000000087400000|  0%| F|  |TAMS 0x0000000087300000, 0x0000000087300000| Untracked 
|  92|0x0000000087400000, 0x0000000087400000, 0x0000000087500000|  0%| F|  |TAMS 0x0000000087400000, 0x0000000087400000| Untracked 
|  93|0x0000000087500000, 0x0000000087500000, 0x0000000087600000|  0%| F|  |TAMS 0x0000000087500000, 0x0000000087500000| Untracked 
|  94|0x0000000087600000, 0x0000000087600000, 0x0000000087700000|  0%| F|  |TAMS 0x0000000087600000, 0x0000000087600000| Untracked 
|  95|0x0000000087700000, 0x0000000087700000, 0x0000000087800000|  0%| F|  |TAMS 0x0000000087700000, 0x0000000087700000| Untracked 
|  96|0x0000000087800000, 0x0000000087800000, 0x0000000087900000|  0%| F|  |TAMS 0x0000000087800000, 0x0000000087800000| Untracked 
|  97|0x0000000087900000, 0x0000000087900000, 0x0000000087a00000|  0%| F|  |TAMS 0x0000000087900000, 0x0000000087900000| Untracked 
|  98|0x0000000087a00000, 0x0000000087a00000, 0x0000000087b00000|  0%| F|  |TAMS 0x0000000087a00000, 0x0000000087a00000| Untracked 
|  99|0x0000000087b00000, 0x0000000087b00000, 0x0000000087c00000|  0%| F|  |TAMS 0x0000000087b00000, 0x0000000087b00000| Untracked 
| 100|0x0000000087c00000, 0x0000000087c00000, 0x0000000087d00000|  0%| F|  |TAMS 0x0000000087c00000, 0x0000000087c00000| Untracked 
| 101|0x0000000087d00000, 0x0000000087d00000, 0x0000000087e00000|  0%| F|  |TAMS 0x0000000087d00000, 0x0000000087d00000| Untracked 
| 102|0x0000000087e00000, 0x0000000087e00000, 0x0000000087f00000|  0%| F|  |TAMS 0x0000000087e00000, 0x0000000087e00000| Untracked 
| 103|0x0000000087f00000, 0x0000000087f00000, 0x0000000088000000|  0%| F|  |TAMS 0x0000000087f00000, 0x0000000087f00000| Untracked 
| 104|0x0000000088000000, 0x0000000088000000, 0x0000000088100000|  0%| F|  |TAMS 0x0000000088000000, 0x0000000088000000| Untracked 
| 105|0x0000000088100000, 0x0000000088100000, 0x0000000088200000|  0%| F|  |TAMS 0x0000000088100000, 0x0000000088100000| Untracked 
| 106|0x0000000088200000, 0x0000000088200000, 0x0000000088300000|  0%| F|  |TAMS 0x0000000088200000, 0x0000000088200000| Untracked 
| 107|0x0000000088300000, 0x0000000088300000, 0x0000000088400000|  0%| F|  |TAMS 0x0000000088300000, 0x0000000088300000| Untracked 
| 108|0x0000000088400000, 0x0000000088400000, 0x0000000088500000|  0%| F|  |TAMS 0x0000000088400000, 0x0000000088400000| Untracked 
| 109|0x0000000088500000, 0x0000000088500000, 0x0000000088600000|  0%| F|  |TAMS 0x0000000088500000, 0x0000000088500000| Untracked 
| 110|0x0000000088600000, 0x0000000088600000, 0x0000000088700000|  0%| F|  |TAMS 0x0000000088600000, 0x0000000088600000| Untracked 
| 111|0x0000000088700000, 0x0000000088700000, 0x0000000088800000|  0%| F|  |TAMS 0x0000000088700000, 0x0000000088700000| Untracked 
| 112|0x0000000088800000, 0x0000000088800000, 0x0000000088900000|  0%| F|  |TAMS 0x0000000088800000, 0x0000000088800000| Untracked 
| 113|0x0000000088900000, 0x0000000088900000, 0x0000000088a00000|  0%| F|  |TAMS 0x0000000088900000, 0x0000000088900000| Untracked 
| 114|0x0000000088a00000, 0x0000000088a00000, 0x0000000088b00000|  0%| F|  |TAMS 0x0000000088a00000, 0x0000000088a00000| Untracked 
| 115|0x0000000088b00000, 0x0000000088b00000, 0x0000000088c00000|  0%| F|  |TAMS 0x0000000088b00000, 0x0000000088b00000| Untracked 
| 116|0x0000000088c00000, 0x0000000088c00000, 0x0000000088d00000|  0%| F|  |TAMS 0x0000000088c00000, 0x0000000088c00000| Untracked 
| 117|0x0000000088d00000, 0x0000000088d00000, 0x0000000088e00000|  0%| F|  |TAMS 0x0000000088d00000, 0x0000000088d00000| Untracked 
| 118|0x0000000088e00000, 0x0000000088e00000, 0x0000000088f00000|  0%| F|  |TAMS 0x0000000088e00000, 0x0000000088e00000| Untracked 
| 119|0x0000000088f00000, 0x0000000088f00000, 0x0000000089000000|  0%| F|  |TAMS 0x0000000088f00000, 0x0000000088f00000| Untracked 
| 120|0x0000000089000000, 0x0000000089000000, 0x0000000089100000|  0%| F|  |TAMS 0x0000000089000000, 0x0000000089000000| Untracked 
| 121|0x0000000089100000, 0x0000000089100000, 0x0000000089200000|  0%| F|  |TAMS 0x0000000089100000, 0x0000000089100000| Untracked 
| 122|0x0000000089200000, 0x0000000089200000, 0x0000000089300000|  0%| F|  |TAMS 0x0000000089200000, 0x0000000089200000| Untracked 
| 123|0x0000000089300000, 0x0000000089300000, 0x0000000089400000|  0%| F|  |TAMS 0x0000000089300000, 0x0000000089300000| Untracked 
| 124|0x0000000089400000, 0x0000000089400000, 0x0000000089500000|  0%| F|  |TAMS 0x0000000089400000, 0x0000000089400000| Untracked 
| 125|0x0000000089500000, 0x0000000089500000, 0x0000000089600000|  0%| F|  |TAMS 0x0000000089500000, 0x0000000089500000| Untracked 
| 126|0x0000000089600000, 0x0000000089600000, 0x0000000089700000|  0%| F|  |TAMS 0x0000000089600000, 0x0000000089600000| Untracked 
| 127|0x0000000089700000, 0x0000000089700000, 0x0000000089800000|  0%| F|  |TAMS 0x0000000089700000, 0x0000000089700000| Untracked 
| 128|0x0000000089800000, 0x0000000089800000, 0x0000000089900000|  0%| F|  |TAMS 0x0000000089800000, 0x0000000089800000| Untracked 
| 129|0x0000000089900000, 0x0000000089900000, 0x0000000089a00000|  0%| F|  |TAMS 0x0000000089900000, 0x0000000089900000| Untracked 
| 130|0x0000000089a00000, 0x0000000089a00000, 0x0000000089b00000|  0%| F|  |TAMS 0x0000000089a00000, 0x0000000089a00000| Untracked 
| 131|0x0000000089b00000, 0x0000000089b00000, 0x0000000089c00000|  0%| F|  |TAMS 0x0000000089b00000, 0x0000000089b00000| Untracked 
| 132|0x0000000089c00000, 0x0000000089c00000, 0x0000000089d00000|  0%| F|  |TAMS 0x0000000089c00000, 0x0000000089c00000| Untracked 
| 133|0x0000000089d00000, 0x0000000089d00000, 0x0000000089e00000|  0%| F|  |TAMS 0x0000000089d00000, 0x0000000089d00000| Untracked 
| 134|0x0000000089e00000, 0x0000000089e00000, 0x0000000089f00000|  0%| F|  |TAMS 0x0000000089e00000, 0x0000000089e00000| Untracked 
| 135|0x0000000089f00000, 0x0000000089f00000, 0x000000008a000000|  0%| F|  |TAMS 0x0000000089f00000, 0x0000000089f00000| Untracked 
| 136|0x000000008a000000, 0x000000008a000000, 0x000000008a100000|  0%| F|  |TAMS 0x000000008a000000, 0x000000008a000000| Untracked 
| 137|0x000000008a100000, 0x000000008a100000, 0x000000008a200000|  0%| F|  |TAMS 0x000000008a100000, 0x000000008a100000| Untracked 
| 138|0x000000008a200000, 0x000000008a200000, 0x000000008a300000|  0%| F|  |TAMS 0x000000008a200000, 0x000000008a200000| Untracked 
| 139|0x000000008a300000, 0x000000008a300000, 0x000000008a400000|  0%| F|  |TAMS 0x000000008a300000, 0x000000008a300000| Untracked 
| 140|0x000000008a400000, 0x000000008a400000, 0x000000008a500000|  0%| F|  |TAMS 0x000000008a400000, 0x000000008a400000| Untracked 
| 141|0x000000008a500000, 0x000000008a500000, 0x000000008a600000|  0%| F|  |TAMS 0x000000008a500000, 0x000000008a500000| Untracked 
| 142|0x000000008a600000, 0x000000008a600000, 0x000000008a700000|  0%| F|  |TAMS 0x000000008a600000, 0x000000008a600000| Untracked 
| 143|0x000000008a700000, 0x000000008a700000, 0x000000008a800000|  0%| F|  |TAMS 0x000000008a700000, 0x000000008a700000| Untracked 
| 144|0x000000008a800000, 0x000000008a800000, 0x000000008a900000|  0%| F|  |TAMS 0x000000008a800000, 0x000000008a800000| Untracked 
| 145|0x000000008a900000, 0x000000008a900000, 0x000000008aa00000|  0%| F|  |TAMS 0x000000008a900000, 0x000000008a900000| Untracked 
| 146|0x000000008aa00000, 0x000000008aa00000, 0x000000008ab00000|  0%| F|  |TAMS 0x000000008aa00000, 0x000000008aa00000| Untracked 
| 147|0x000000008ab00000, 0x000000008ab00000, 0x000000008ac00000|  0%| F|  |TAMS 0x000000008ab00000, 0x000000008ab00000| Untracked 
| 148|0x000000008ac00000, 0x000000008ac00000, 0x000000008ad00000|  0%| F|  |TAMS 0x000000008ac00000, 0x000000008ac00000| Untracked 
| 149|0x000000008ad00000, 0x000000008ad00000, 0x000000008ae00000|  0%| F|  |TAMS 0x000000008ad00000, 0x000000008ad00000| Untracked 
| 150|0x000000008ae00000, 0x000000008ae00000, 0x000000008af00000|  0%| F|  |TAMS 0x000000008ae00000, 0x000000008ae00000| Untracked 
| 151|0x000000008af00000, 0x000000008af00000, 0x000000008b000000|  0%| F|  |TAMS 0x000000008af00000, 0x000000008af00000| Untracked 
| 152|0x000000008b000000, 0x000000008b000000, 0x000000008b100000|  0%| F|  |TAMS 0x000000008b000000, 0x000000008b000000| Untracked 
| 153|0x000000008b100000, 0x000000008b100000, 0x000000008b200000|  0%| F|  |TAMS 0x000000008b100000, 0x000000008b100000| Untracked 
| 154|0x000000008b200000, 0x000000008b200000, 0x000000008b300000|  0%| F|  |TAMS 0x000000008b200000, 0x000000008b200000| Untracked 
| 155|0x000000008b300000, 0x000000008b300000, 0x000000008b400000|  0%| F|  |TAMS 0x000000008b300000, 0x000000008b300000| Untracked 
| 156|0x000000008b400000, 0x000000008b400000, 0x000000008b500000|  0%| F|  |TAMS 0x000000008b400000, 0x000000008b400000| Untracked 
| 157|0x000000008b500000, 0x000000008b500000, 0x000000008b600000|  0%| F|  |TAMS 0x000000008b500000, 0x000000008b500000| Untracked 
| 158|0x000000008b600000, 0x000000008b600000, 0x000000008b700000|  0%| F|  |TAMS 0x000000008b600000, 0x000000008b600000| Untracked 
| 159|0x000000008b700000, 0x000000008b700000, 0x000000008b800000|  0%| F|  |TAMS 0x000000008b700000, 0x000000008b700000| Untracked 
| 160|0x000000008b800000, 0x000000008b800000, 0x000000008b900000|  0%| F|  |TAMS 0x000000008b800000, 0x000000008b800000| Untracked 
| 161|0x000000008b900000, 0x000000008b900000, 0x000000008ba00000|  0%| F|  |TAMS 0x000000008b900000, 0x000000008b900000| Untracked 
| 162|0x000000008ba00000, 0x000000008ba00000, 0x000000008bb00000|  0%| F|  |TAMS 0x000000008ba00000, 0x000000008ba00000| Untracked 
| 163|0x000000008bb00000, 0x000000008bb00000, 0x000000008bc00000|  0%| F|  |TAMS 0x000000008bb00000, 0x000000008bb00000| Untracked 
| 164|0x000000008bc00000, 0x000000008bc00000, 0x000000008bd00000|  0%| F|  |TAMS 0x000000008bc00000, 0x000000008bc00000| Untracked 
| 165|0x000000008bd00000, 0x000000008bd00000, 0x000000008be00000|  0%| F|  |TAMS 0x000000008bd00000, 0x000000008bd00000| Untracked 
| 166|0x000000008be00000, 0x000000008be00000, 0x000000008bf00000|  0%| F|  |TAMS 0x000000008be00000, 0x000000008be00000| Untracked 
| 167|0x000000008bf00000, 0x000000008bf00000, 0x000000008c000000|  0%| F|  |TAMS 0x000000008bf00000, 0x000000008bf00000| Untracked 
| 168|0x000000008c000000, 0x000000008c000000, 0x000000008c100000|  0%| F|  |TAMS 0x000000008c000000, 0x000000008c000000| Untracked 
| 169|0x000000008c100000, 0x000000008c100000, 0x000000008c200000|  0%| F|  |TAMS 0x000000008c100000, 0x000000008c100000| Untracked 
| 170|0x000000008c200000, 0x000000008c200000, 0x000000008c300000|  0%| F|  |TAMS 0x000000008c200000, 0x000000008c200000| Untracked 
| 171|0x000000008c300000, 0x000000008c3f2de0, 0x000000008c400000| 94%| E|  |TAMS 0x000000008c300000, 0x000000008c300000| Complete 
| 172|0x000000008c400000, 0x000000008c500000, 0x000000008c500000|100%| E|CS|TAMS 0x000000008c400000, 0x000000008c400000| Complete 
| 173|0x000000008c500000, 0x000000008c600000, 0x000000008c600000|100%| E|CS|TAMS 0x000000008c500000, 0x000000008c500000| Complete 
| 174|0x000000008c600000, 0x000000008c700000, 0x000000008c700000|100%| E|CS|TAMS 0x000000008c600000, 0x000000008c600000| Complete 
| 175|0x000000008c700000, 0x000000008c800000, 0x000000008c800000|100%| E|CS|TAMS 0x000000008c700000, 0x000000008c700000| Complete 
| 176|0x000000008c800000, 0x000000008c900000, 0x000000008c900000|100%| E|CS|TAMS 0x000000008c800000, 0x000000008c800000| Complete 
| 177|0x000000008c900000, 0x000000008ca00000, 0x000000008ca00000|100%| E|CS|TAMS 0x000000008c900000, 0x000000008c900000| Complete 
| 178|0x000000008ca00000, 0x000000008cb00000, 0x000000008cb00000|100%| E|CS|TAMS 0x000000008ca00000, 0x000000008ca00000| Complete 
| 179|0x000000008cb00000, 0x000000008cc00000, 0x000000008cc00000|100%| E|CS|TAMS 0x000000008cb00000, 0x000000008cb00000| Complete 
| 180|0x000000008cc00000, 0x000000008cd00000, 0x000000008cd00000|100%| E|CS|TAMS 0x000000008cc00000, 0x000000008cc00000| Complete 
| 181|0x000000008cd00000, 0x000000008ce00000, 0x000000008ce00000|100%| E|CS|TAMS 0x000000008cd00000, 0x000000008cd00000| Complete 
| 182|0x000000008ce00000, 0x000000008cef4b80, 0x000000008cf00000| 95%| S|CS|TAMS 0x000000008ce00000, 0x000000008ce00000| Complete 
| 183|0x000000008cf00000, 0x000000008d000000, 0x000000008d000000|100%| S|CS|TAMS 0x000000008cf00000, 0x000000008cf00000| Complete 
| 184|0x000000008d000000, 0x000000008d100000, 0x000000008d100000|100%| E|CS|TAMS 0x000000008d000000, 0x000000008d000000| Complete 

Card table byte_map: [0x00000192612f0000,0x00000192616f0000] _byte_map_base: 0x0000019260ee4000

Marking Bits (Prev, Next): (CMBitMap*) 0x0000019247dd6278, (CMBitMap*) 0x0000019247dd62b0
 Prev Bits: [0x0000019261af0000, 0x0000019263a90000)
 Next Bits: [0x0000019263a90000, 0x0000019265a30000)

Polling page: 0x0000019247e70000

Metaspace:

Usage:
  Non-class:     60.96 MB capacity,    60.27 MB ( 99%) used,   575.90 KB ( <1%) free+waste,   126.94 KB ( <1%) overhead. 
      Class:      7.74 MB capacity,     7.32 MB ( 95%) used,   384.33 KB (  5%) free+waste,    50.94 KB ( <1%) overhead. 
       Both:     68.70 MB capacity,    67.59 MB ( 98%) used,   960.23 KB (  1%) free+waste,   177.88 KB ( <1%) overhead. 

Virtual space:
  Non-class space:       62.00 MB reserved,      61.00 MB ( 98%) committed 
      Class space:        1.00 GB reserved,       7.75 MB ( <1%) committed 
             Both:        1.06 GB reserved,      68.75 MB (  6%) committed 

Chunk freelists:
   Non-Class:  6.25 KB
       Class:  768 bytes
        Both:  7.00 KB

CodeHeap 'non-profiled nmethods': size=120064Kb used=6318Kb max_used=6318Kb free=113745Kb
 bounds [0x0000019259380000, 0x00000192599c0000, 0x00000192608c0000]
CodeHeap 'profiled nmethods': size=120000Kb used=25669Kb max_used=25669Kb free=94331Kb
 bounds [0x0000019251e50000, 0x0000019253790000, 0x0000019259380000]
CodeHeap 'non-nmethods': size=5696Kb used=1236Kb max_used=1286Kb free=4459Kb
 bounds [0x00000192518c0000, 0x0000019251b30000, 0x0000019251e50000]
 total_blobs=15896 nmethods=10541 adapters=528
 compilation: enabled
              stopped_count=0, restarted_count=0
 full_count=0

Compilation events (10 events):
Event: 1454.009 Thread 0x00000192680a2000 nmethod 12365 0x0000019253778510 code [0x00000192537787e0, 0x0000019253779560]
Event: 1454.017 Thread 0x00000192680a2000 12366       3       org.springframework.transaction.support.TransactionSynchronizationUtils::triggerBeforeCommit (39 bytes)
Event: 1454.018 Thread 0x00000192680a2000 nmethod 12366 0x0000019253779a10 code [0x0000019253779c20, 0x000001925377a250]
Event: 1454.018 Thread 0x00000192680a2000 12367   !   3       org.springframework.transaction.support.TransactionSynchronizationUtils::triggerBeforeCompletion (53 bytes)
Event: 1454.018 Thread 0x000001926809e000 12369   !   4       org.springframework.util.MimeTypeUtils::parseMimeType (406 bytes)
Event: 1454.018 Thread 0x00000192680a2000 nmethod 12367 0x000001925377a410 code [0x000001925377a660, 0x000001925377ae60]
Event: 1454.018 Thread 0x00000192680a2000 12368       3       org.springframework.transaction.support.TransactionSynchronizationUtils::invokeAfterCommit (40 bytes)
Event: 1454.019 Thread 0x00000192680a2000 nmethod 12368 0x000001925377b110 code [0x000001925377b320, 0x000001925377b940]
Event: 1454.121 Thread 0x00000192680a2000 12370   !   3       org.hibernate.engine.jdbc.internal.ResultSetReturnImpl::extract (112 bytes)
Event: 1454.123 Thread 0x00000192680a2000 nmethod 12370 0x000001925377bb10 code [0x000001925377bdc0, 0x000001925377caa0]

GC Heap History (10 events):
Event: 16.698 GC heap before
{Heap before GC invocations=22 (full 0):
 garbage-first heap   total 189440K, used 140894K [0x0000000081800000, 0x0000000100000000)
  region size 1024K, 87 young (89088K), 12 survivors (12288K)
 Metaspace       used 48456K, capacity 49382K, committed 49512K, reserved 1093632K
  class space    used 5204K, capacity 5527K, committed 5632K, reserved 1048576K
}
Event: 16.705 GC heap after
{Heap after GC invocations=23 (full 0):
 garbage-first heap   total 189440K, used 59297K [0x0000000081800000, 0x0000000100000000)
  region size 1024K, 4 young (4096K), 4 survivors (4096K)
 Metaspace       used 48456K, capacity 49382K, committed 49512K, reserved 1093632K
  class space    used 5204K, capacity 5527K, committed 5632K, reserved 1048576K
}
Event: 19.879 GC heap before
{Heap before GC invocations=23 (full 0):
 garbage-first heap   total 189440K, used 145313K [0x0000000081800000, 0x0000000100000000)
  region size 1024K, 88 young (90112K), 4 survivors (4096K)
 Metaspace       used 60539K, capacity 61584K, committed 61800K, reserved 1103872K
  class space    used 6670K, capacity 7071K, committed 7168K, reserved 1048576K
}
Event: 19.887 GC heap after
{Heap after GC invocations=24 (full 0):
 garbage-first heap   total 189440K, used 62289K [0x0000000081800000, 0x0000000100000000)
  region size 1024K, 7 young (7168K), 7 survivors (7168K)
 Metaspace       used 60539K, capacity 61584K, committed 61800K, reserved 1103872K
  class space    used 6670K, capacity 7071K, committed 7168K, reserved 1048576K
}
Event: 36.685 GC heap before
{Heap before GC invocations=24 (full 0):
 garbage-first heap   total 189440K, used 102225K [0x0000000081800000, 0x0000000100000000)
  region size 1024K, 47 young (48128K), 7 survivors (7168K)
 Metaspace       used 65196K, capacity 66197K, committed 66308K, reserved 1107968K
  class space    used 7237K, capacity 7624K, committed 7680K, reserved 1048576K
}
Event: 36.712 GC heap after
{Heap after GC invocations=25 (full 0):
 garbage-first heap   total 189440K, used 63220K [0x0000000081800000, 0x0000000100000000)
  region size 1024K, 6 young (6144K), 6 survivors (6144K)
 Metaspace       used 65196K, capacity 66197K, committed 66308K, reserved 1107968K
  class space    used 7237K, capacity 7624K, committed 7680K, reserved 1048576K
}
Event: 1451.569 GC heap before
{Heap before GC invocations=26 (full 0):
 garbage-first heap   total 189440K, used 134900K [0x0000000081800000, 0x0000000100000000)
  region size 1024K, 83 young (84992K), 6 survivors (6144K)
 Metaspace       used 68667K, capacity 69760K, committed 69892K, reserved 1112064K
  class space    used 7467K, capacity 7891K, committed 7936K, reserved 1048576K
}
Event: 1451.583 GC heap after
{Heap after GC invocations=27 (full 0):
 garbage-first heap   total 189440K, used 67844K [0x0000000081800000, 0x0000000100000000)
  region size 1024K, 11 young (11264K), 11 survivors (11264K)
 Metaspace       used 68667K, capacity 69760K, committed 69892K, reserved 1112064K
  class space    used 7467K, capacity 7891K, committed 7936K, reserved 1048576K
}
Event: 1451.905 GC heap before
{Heap before GC invocations=27 (full 0):
 garbage-first heap   total 189440K, used 68868K [0x0000000081800000, 0x0000000100000000)
  region size 1024K, 12 young (12288K), 11 survivors (11264K)
 Metaspace       used 68692K, capacity 69767K, committed 69892K, reserved 1112064K
  class space    used 7467K, capacity 7892K, committed 7936K, reserved 1048576K
}
Event: 1451.916 GC heap after
{Heap after GC invocations=28 (full 0):
 garbage-first heap   total 189440K, used 58566K [0x0000000081800000, 0x0000000100000000)
  region size 1024K, 2 young (2048K), 2 survivors (2048K)
 Metaspace       used 68692K, capacity 69767K, committed 69892K, reserved 1112064K
  class space    used 7467K, capacity 7892K, committed 7936K, reserved 1048576K
}

Deoptimization events (10 events):
Event: 911.980 Thread 0x000001926d0dd000 Uncommon trap: reason=class_check action=maybe_recompile pc=0x00000192596e17c8 method=java.io.FilterInputStream.read([BII)I @ 7 c2
Event: 914.294 Thread 0x000001926d0dd000 Uncommon trap: reason=bimorphic_or_optimized_type_check action=maybe_recompile pc=0x000001925945bd68 method=java.util.HashMap.removeNode(ILjava/lang/Object;Ljava/lang/Object;ZZ)Ljava/util/HashMap$Node; @ 68 c2
Event: 914.294 Thread 0x000001926d0dd000 Uncommon trap: reason=bimorphic_or_optimized_type_check action=maybe_recompile pc=0x000001925945bd68 method=java.util.HashMap.removeNode(ILjava/lang/Object;Ljava/lang/Object;ZZ)Ljava/util/HashMap$Node; @ 68 c2
Event: 919.972 Thread 0x000001926d0db800 Uncommon trap: reason=unstable_if action=reinterpret pc=0x00000192595ea45c method=java.io.Writer.write(I)V @ 11 c2
Event: 920.517 Thread 0x000001926d0dd000 Uncommon trap: reason=profile_predicate action=maybe_recompile pc=0x00000192596d6f1c method=org.springframework.web.util.UrlPathHelper.getRemainingPath(Ljava/lang/String;Ljava/lang/String;Z)Ljava/lang/String; @ 12 c2
Event: 920.517 Thread 0x000001926d0dd000 Uncommon trap: reason=profile_predicate action=maybe_recompile pc=0x00000192596d6f1c method=org.springframework.web.util.UrlPathHelper.getRemainingPath(Ljava/lang/String;Ljava/lang/String;Z)Ljava/lang/String; @ 12 c2
Event: 920.519 Thread 0x000001926d0de000 Uncommon trap: reason=profile_predicate action=maybe_recompile pc=0x00000192596d6f1c method=org.springframework.web.util.UrlPathHelper.getRemainingPath(Ljava/lang/String;Ljava/lang/String;Z)Ljava/lang/String; @ 12 c2
Event: 920.519 Thread 0x000001926d0de000 Uncommon trap: reason=profile_predicate action=maybe_recompile pc=0x00000192596d6f1c method=org.springframework.web.util.UrlPathHelper.getRemainingPath(Ljava/lang/String;Ljava/lang/String;Z)Ljava/lang/String; @ 12 c2
Event: 921.989 Thread 0x000001926d0dc800 Uncommon trap: reason=unstable_if action=reinterpret pc=0x00000192593d58d8 method=sun.nio.ch.SelectorImpl.processDeregisterQueue()V @ 60 c2
Event: 1452.785 Thread 0x000001926d0e0800 Uncommon trap: reason=unstable_if action=reinterpret pc=0x00000192598ad6f4 method=org.springframework.cglib.core.CodeEmitter.emit_invoke(ILorg/springframework/asm/Type;Lorg/springframework/cglib/core/Signature;)V @ 24 c2

Classes redefined (0 events):
No events

Internal exceptions (10 events):
Event: 38.646 Thread 0x000001926d0dd000 Exception <a 'java/io/IOException'{0x000000008caeb618}> (0x000000008caeb618) thrown at [t:/workspace/open/src/hotspot/share/prims/jni.cpp, line 615]
Event: 915.143 Thread 0x000001926d0de000 Exception <a 'java/lang/reflect/InvocationTargetException'{0x000000008b99ce08}> (0x000000008b99ce08) thrown at [t:/workspace/open/src/hotspot/share/runtime/reflection.cpp, line 1242]
Event: 917.609 Thread 0x000001926d0db800 Exception <a 'sun/net/ConnectionResetException'{0x000000008b17ea28}: > (0x000000008b17ea28) thrown at [t:/workspace/open/src/hotspot/share/prims/jni.cpp, line 636]
Event: 919.972 Thread 0x000001926d0db800 Implicit null exception at 0x00000192595e9d59 to 0x00000192595ea432
Event: 921.989 Thread 0x000001926d0e0800 Exception <a 'java/io/IOException'{0x000000008a181690}> (0x000000008a181690) thrown at [t:/workspace/open/src/hotspot/share/prims/jni.cpp, line 615]
Event: 921.989 Thread 0x000001926d0de000 Exception <a 'java/io/IOException'{0x000000008a95fda8}> (0x000000008a95fda8) thrown at [t:/workspace/open/src/hotspot/share/prims/jni.cpp, line 615]
Event: 921.989 Thread 0x000001926d0db800 Exception <a 'java/io/IOException'{0x000000008a243fa0}> (0x000000008a243fa0) thrown at [t:/workspace/open/src/hotspot/share/prims/jni.cpp, line 615]
Event: 930.738 Thread 0x000001926d0e0800 Exception <a 'java/io/IOException'{0x000000008a1e6b18}> (0x000000008a1e6b18) thrown at [t:/workspace/open/src/hotspot/share/prims/jni.cpp, line 615]
Event: 937.123 Thread 0x000001926d0db800 Exception <a 'java/io/IOException'{0x0000000089dd4918}> (0x0000000089dd4918) thrown at [t:/workspace/open/src/hotspot/share/prims/jni.cpp, line 615]
Event: 945.484 Thread 0x000001926d0e1800 Exception <a 'java/io/IOException'{0x0000000088ddb438}> (0x0000000088ddb438) thrown at [t:/workspace/open/src/hotspot/share/prims/jni.cpp, line 615]

Events (10 events):
Event: 1453.535 loading class model
Event: 1453.535 loading class model done
Event: 1453.535 loading class model
Event: 1453.535 loading class model done
Event: 1453.535 loading class model
Event: 1453.535 loading class model done
Event: 1453.614 Executing VM operation: RevokeBias
Event: 1453.614 Executing VM operation: RevokeBias done
Event: 1453.836 Executing VM operation: RevokeBias
Event: 1453.836 Executing VM operation: RevokeBias done


Dynamic libraries:
0x00007ff78c4d0000 - 0x00007ff78c517000 	C:\Program Files\Java\jdk-11.0.2\bin\java.exe
0x00007ff916a40000 - 0x00007ff916c30000 	C:\WINDOWS\SYSTEM32\ntdll.dll
0x00007ff914af0000 - 0x00007ff914ba2000 	C:\WINDOWS\System32\KERNEL32.DLL
0x00007ff913f10000 - 0x00007ff9141b3000 	C:\WINDOWS\System32\KERNELBASE.dll
0x00007ff915200000 - 0x00007ff9152a3000 	C:\WINDOWS\System32\ADVAPI32.dll
0x00007ff915160000 - 0x00007ff9151fe000 	C:\WINDOWS\System32\msvcrt.dll
0x00007ff9153f0000 - 0x00007ff915487000 	C:\WINDOWS\System32\sechost.dll
0x00007ff914bb0000 - 0x00007ff914cd0000 	C:\WINDOWS\System32\RPCRT4.dll
0x00007ff914eb0000 - 0x00007ff915044000 	C:\WINDOWS\System32\USER32.dll
0x00007ff914270000 - 0x00007ff914291000 	C:\WINDOWS\System32\win32u.dll
0x00007ff915e60000 - 0x00007ff915e86000 	C:\WINDOWS\System32\GDI32.dll
0x00007ff913d70000 - 0x00007ff913f04000 	C:\WINDOWS\System32\gdi32full.dll
0x00007ff913a80000 - 0x00007ff913b1e000 	C:\WINDOWS\System32\msvcp_win.dll
0x00007ff913c70000 - 0x00007ff913d6a000 	C:\WINDOWS\System32\ucrtbase.dll
0x00007ff904ac0000 - 0x00007ff904d45000 	C:\WINDOWS\WinSxS\amd64_microsoft.windows.common-controls_6595b64144ccf1df_6.0.18362.778_none_e6c6b761130d4fb8\COMCTL32.dll
0x00007ff90c460000 - 0x00007ff90c46a000 	C:\WINDOWS\SYSTEM32\VERSION.dll
0x00007ff916230000 - 0x00007ff916566000 	C:\WINDOWS\System32\combase.dll
0x00007ff913a00000 - 0x00007ff913a80000 	C:\WINDOWS\System32\bcryptPrimitives.dll
0x00007ff915050000 - 0x00007ff91507e000 	C:\WINDOWS\System32\IMM32.DLL
0x00007ff903300000 - 0x00007ff903316000 	C:\Program Files\Java\jdk-11.0.2\bin\vcruntime140.dll
0x00007ff8f0a10000 - 0x00007ff8f0aba000 	C:\Program Files\Java\jdk-11.0.2\bin\msvcp140.dll
0x00007ff8db9a0000 - 0x00007ff8dc4c7000 	C:\Program Files\Java\jdk-11.0.2\bin\server\jvm.dll
0x00007ff914dc0000 - 0x00007ff914dc8000 	C:\WINDOWS\System32\PSAPI.DLL
0x00007ff8f97f0000 - 0x00007ff8f97f9000 	C:\WINDOWS\SYSTEM32\WSOCK32.dll
0x00007ff90eba0000 - 0x00007ff90ebc4000 	C:\WINDOWS\SYSTEM32\WINMM.dll
0x00007ff915490000 - 0x00007ff9154ff000 	C:\WINDOWS\System32\WS2_32.dll
0x00007ff90eb50000 - 0x00007ff90eb7d000 	C:\WINDOWS\SYSTEM32\winmmbase.dll
0x00007ff914220000 - 0x00007ff91426a000 	C:\WINDOWS\System32\cfgmgr32.dll
0x00007ff913990000 - 0x00007ff9139a1000 	C:\WINDOWS\System32\kernel.appcore.dll
0x00007ff902fb0000 - 0x00007ff902fc1000 	C:\Program Files\Java\jdk-11.0.2\bin\verify.dll
0x00007ff911390000 - 0x00007ff911584000 	C:\WINDOWS\SYSTEM32\DBGHELP.DLL
0x00007ff8f6cd0000 - 0x00007ff8f6cfa000 	C:\WINDOWS\SYSTEM32\dbgcore.DLL
0x00007ff902f80000 - 0x00007ff902fa9000 	C:\Program Files\Java\jdk-11.0.2\bin\java.dll
0x00007ff902f60000 - 0x00007ff902f76000 	C:\Program Files\Java\jdk-11.0.2\bin\zip.dll
0x00007ff90ee00000 - 0x00007ff90ee0a000 	C:\Program Files\Java\jdk-11.0.2\bin\jimage.dll
0x00007ff915610000 - 0x00007ff915cf5000 	C:\WINDOWS\System32\SHELL32.dll
0x00007ff916040000 - 0x00007ff9160e9000 	C:\WINDOWS\System32\shcore.dll
0x00007ff914350000 - 0x00007ff914ad0000 	C:\WINDOWS\System32\windows.storage.dll
0x00007ff913910000 - 0x00007ff913933000 	C:\WINDOWS\System32\profapi.dll
0x00007ff913940000 - 0x00007ff91398a000 	C:\WINDOWS\System32\powrprof.dll
0x00007ff913900000 - 0x00007ff913910000 	C:\WINDOWS\System32\UMPDC.dll
0x00007ff915080000 - 0x00007ff9150d2000 	C:\WINDOWS\System32\shlwapi.dll
0x00007ff914ad0000 - 0x00007ff914ae7000 	C:\WINDOWS\System32\cryptsp.dll
0x00007ff902f40000 - 0x00007ff902f59000 	C:\Program Files\Java\jdk-11.0.2\bin\net.dll
0x00007ff90bb70000 - 0x00007ff90bc60000 	C:\WINDOWS\SYSTEM32\WINHTTP.dll
0x00007ff901f70000 - 0x00007ff902145000 	C:\WINDOWS\SYSTEM32\urlmon.dll
0x00007ff901cc0000 - 0x00007ff901f66000 	C:\WINDOWS\SYSTEM32\iertutil.dll
0x00007ff913340000 - 0x00007ff91334c000 	C:\WINDOWS\SYSTEM32\CRYPTBASE.DLL
0x00007ff913170000 - 0x00007ff9131d7000 	C:\WINDOWS\system32\mswsock.dll
0x00007ff902d90000 - 0x00007ff902da3000 	C:\Program Files\Java\jdk-11.0.2\bin\nio.dll
0x00007ff90cfe0000 - 0x00007ff90cfea000 	C:\Users\tienn\Desktop\RMIT\2020\SemA2020\Engineering QA and Testing\apache-maven-3.6.3\lib\jansi-native\windows64\jansi.dll
0x00007ff912ec0000 - 0x00007ff912f8a000 	C:\WINDOWS\SYSTEM32\DNSAPI.dll
0x00007ff914db0000 - 0x00007ff914db8000 	C:\WINDOWS\System32\NSI.dll
0x00007ff912e80000 - 0x00007ff912eba000 	C:\WINDOWS\SYSTEM32\IPHLPAPI.DLL
0x00000000500e0000 - 0x0000000050106000 	C:\Program Files\Bonjour\mdnsNSP.dll
0x00007ff902650000 - 0x00007ff90265a000 	C:\Windows\System32\rasadhlp.dll
0x00007ff90abb0000 - 0x00007ff90ac27000 	C:\WINDOWS\System32\fwpuclnt.dll
0x00007ff9139d0000 - 0x00007ff9139f6000 	C:\WINDOWS\System32\bcrypt.dll
0x00007ff912ce0000 - 0x00007ff912d13000 	C:\WINDOWS\system32\rsaenh.dll
0x00007ff913820000 - 0x00007ff913845000 	C:\WINDOWS\SYSTEM32\USERENV.dll
0x00007ff90b6d0000 - 0x00007ff90b6e6000 	C:\WINDOWS\SYSTEM32\dhcpcsvc6.DLL
0x00007ff90c640000 - 0x00007ff90c65c000 	C:\WINDOWS\SYSTEM32\dhcpcsvc.DLL

dbghelp: loaded successfully - version: 4.0.5 - missing functions: none
symbol engine: initialized successfully - sym options: 0x614 - pdb path: .;C:\Program Files\Java\jdk-11.0.2\bin;C:\WINDOWS\SYSTEM32;C:\WINDOWS\WinSxS\amd64_microsoft.windows.common-controls_6595b64144ccf1df_6.0.18362.778_none_e6c6b761130d4fb8;C:\Program Files\Java\jdk-11.0.2\bin\server;C:\Users\tienn\Desktop\RMIT\2020\SemA2020\Engineering QA and Testing\apache-maven-3.6.3\lib\jansi-native\windows64;C:\Program Files\Bonjour

VM Arguments:
jvm_args: -Dclassworlds.conf=C:\Users\tienn\Desktop\RMIT\2020\SemA2020\Engineering QA and Testing\apache-maven-3.6.3\bin\..\bin\m2.conf -Dmaven.home=C:\Users\tienn\Desktop\RMIT\2020\SemA2020\Engineering QA and Testing\apache-maven-3.6.3\bin\.. -Dlibrary.jansi.path=C:\Users\tienn\Desktop\RMIT\2020\SemA2020\Engineering QA and Testing\apache-maven-3.6.3\bin\..\lib\jansi-native -Dmaven.multiModuleProjectDirectory=C:\Users\tienn\Desktop\RMIT\2020\SemA2020\Enterprise Application Development\Asm\TradingCompany 
java_command: org.codehaus.plexus.classworlds.launcher.Launcher jetty:run
java_class_path (initial): C:\Users\tienn\Desktop\RMIT\2020\SemA2020\Engineering QA and Testing\apache-maven-3.6.3\bin\..\boot\plexus-classworlds-2.6.0.jar
Launcher Type: SUN_STANDARD

[Global flags]
     intx CICompilerCount                          = 3                                         {product} {ergonomic}
     uint ConcGCThreads                            = 1                                         {product} {ergonomic}
     uint G1ConcRefinementThreads                  = 4                                         {product} {ergonomic}
   size_t G1HeapRegionSize                         = 1048576                                   {product} {ergonomic}
    uintx GCDrainStackTargetSize                   = 64                                        {product} {ergonomic}
   size_t InitialHeapSize                          = 134217728                                 {product} {ergonomic}
   size_t MarkStackSize                            = 4194304                                   {product} {ergonomic}
   size_t MaxHeapSize                              = 2122317824                                {product} {ergonomic}
   size_t MaxNewSize                               = 1272971264                                {product} {ergonomic}
   size_t MinHeapDeltaBytes                        = 1048576                                   {product} {ergonomic}
    uintx NonNMethodCodeHeapSize                   = 5830092                                {pd product} {ergonomic}
    uintx NonProfiledCodeHeapSize                  = 122914074                              {pd product} {ergonomic}
    uintx ProfiledCodeHeapSize                     = 122914074                              {pd product} {ergonomic}
    uintx ReservedCodeCacheSize                    = 251658240                              {pd product} {ergonomic}
     bool SegmentedCodeCache                       = true                                      {product} {ergonomic}
     bool UseCompressedClassPointers               = true                                 {lp64_product} {ergonomic}
     bool UseCompressedOops                        = true                                 {lp64_product} {ergonomic}
     bool UseG1GC                                  = true                                      {product} {ergonomic}
     bool UseLargePagesIndividualAllocation        = false                                  {pd product} {ergonomic}

Logging:
Log output configuration:
 #0: stdout all=warning uptime,level,tags
 #1: stderr all=off uptime,level,tags

Environment Variables:
JAVA_HOME=C:\Program Files\Java\jdk-11.0.2
PATH=C:\Program Files\Java\jdk-11.0.2\bin;C:\Program Files\Java\jdk-11.0.2\bin;C:\Windows;C:\Windows\system32;C:\Users\tienn\Desktop\RMIT\2020\SemA2020\Engineering QA and Testing\apache-maven-3.6.3\bin;C:\Users\tienn\Desktop\RMIT\2020\SemA2020\Enterprise Application Development\Work\SpringMVC\apache-maven-3.6.3\bin;C:\Program Files (x86)\Common Files\Oracle\Java\javapath;C:\Program Files (x86)\Intel\iCLS Client\;C:\Program Files\Intel\iCLS Client\;C:\Windows\System32\Wbem;C:\Windows\System32\WindowsPowerShell\v1.0\;C:\Program Files (x86)\NVIDIA Corporation\PhysX\Common;C:\Program Files (x86)\Intel\Intel(R) Management Engine Components\DAL;C:\Program Files\Intel\Intel(R) Management Engine Components\DAL;C:\Program Files (x86)\Intel\Intel(R) Management Engine Components\IPT;C:\Program Files\Intel\Intel(R) Management Engine Components\IPT;C:\WINDOWS\system32;C:\WINDOWS;C:\WINDOWS\System32\Wbem;C:\WINDOWS\System32\WindowsPowerShell\v1.0\;C:\WINDOWS\System32\OpenSSH\;C:\Program Files (x86)\Common Files\Adobe\AGL;C:\MinGW\bin;C:\Program Files\Git\cmd;C:\Program Files\Intel\WiFi\bin\;C:\Program Files\Common Files\Intel\WirelessCommon\;C:\Program Files\ZeroC\Ice-3.7.3\bin;;C:\Users\tienn\AppData\Local\Programs\Microsoft VS Code\bin;C:\Users\tienn\AppData\Local\Microsoft\WindowsApps
USERNAME=Tin Ng PC
OS=Windows_NT
PROCESSOR_IDENTIFIER=Intel64 Family 6 Model 142 Stepping 9, GenuineIntel



---------------  S Y S T E M  ---------------

OS: Windows 10 , 64 bit Build 18362 (10.0.18362.778)

CPU:total 4 (initial active 4) (2 cores per cpu, 2 threads per core) family 6 model 142 stepping 9, cmov, cx8, fxsr, mmx, sse, sse2, sse3, ssse3, sse4.1, sse4.2, popcnt, avx, avx2, aes, clmul, erms, 3dnowpref, lzcnt, ht, tsc, tscinvbit, bmi1, bmi2, adx, fma

Memory: 4k page, system-wide physical 8090M (465M free)
TotalPageFile size 9485M (AvailPageFile size 4M)
current process WorkingSet (physical memory assigned to process): 392M, peak: 409M
current process commit charge ("private bytes"): 422M, peak: 478M

vm_info: Java HotSpot(TM) 64-Bit Server VM (11.0.2+9-LTS) for windows-amd64 JRE (11.0.2+9-LTS), built on Jan 18 2019 05:24:10 by "mach5one" with MS VC++ 15.5 (VS2017)

END.
